<?xml version="1.0" encoding="UTF-8"?>
<testsuite xmlns:xsi="http://www.w3.org/2001/XMLSchema-instance" xsi:noNamespaceSchemaLocation="https://maven.apache.org/surefire/maven-surefire-plugin/xsd/surefire-test-report.xsd" name="com.task.atm.AtmDemoApplicationTests" time="7.723" tests="1" errors="1" skipped="0" failures="0">
  <properties>
    <property name="java.specification.version" value="17"/>
    <property name="sun.jnu.encoding" value="UTF-8"/>
    <property name="java.class.path" value="/Users/victordominguez/workspace/atm/target/test-classes:/Users/victordominguez/workspace/atm/target/classes:/Users/victordominguez/.m2/repository/org/springframework/boot/spring-boot-starter-data-jpa/2.5.6/spring-boot-starter-data-jpa-2.5.6.jar:/Users/victordominguez/.m2/repository/org/springframework/boot/spring-boot-starter-aop/2.5.6/spring-boot-starter-aop-2.5.6.jar:/Users/victordominguez/.m2/repository/org/aspectj/aspectjweaver/1.9.7/aspectjweaver-1.9.7.jar:/Users/victordominguez/.m2/repository/org/springframework/boot/spring-boot-starter-jdbc/2.5.6/spring-boot-starter-jdbc-2.5.6.jar:/Users/victordominguez/.m2/repository/com/zaxxer/HikariCP/4.0.3/HikariCP-4.0.3.jar:/Users/victordominguez/.m2/repository/org/springframework/spring-jdbc/5.3.12/spring-jdbc-5.3.12.jar:/Users/victordominguez/.m2/repository/jakarta/transaction/jakarta.transaction-api/1.3.3/jakarta.transaction-api-1.3.3.jar:/Users/victordominguez/.m2/repository/jakarta/persistence/jakarta.persistence-api/2.2.3/jakarta.persistence-api-2.2.3.jar:/Users/victordominguez/.m2/repository/org/hibernate/hibernate-core/5.4.32.Final/hibernate-core-5.4.32.Final.jar:/Users/victordominguez/.m2/repository/org/jboss/logging/jboss-logging/3.4.2.Final/jboss-logging-3.4.2.Final.jar:/Users/victordominguez/.m2/repository/org/javassist/javassist/3.27.0-GA/javassist-3.27.0-GA.jar:/Users/victordominguez/.m2/repository/net/bytebuddy/byte-buddy/1.10.22/byte-buddy-1.10.22.jar:/Users/victordominguez/.m2/repository/antlr/antlr/2.7.7/antlr-2.7.7.jar:/Users/victordominguez/.m2/repository/org/jboss/jandex/2.2.3.Final/jandex-2.2.3.Final.jar:/Users/victordominguez/.m2/repository/org/dom4j/dom4j/2.1.3/dom4j-2.1.3.jar:/Users/victordominguez/.m2/repository/org/hibernate/common/hibernate-commons-annotations/5.1.2.Final/hibernate-commons-annotations-5.1.2.Final.jar:/Users/victordominguez/.m2/repository/org/glassfish/jaxb/jaxb-runtime/2.3.5/jaxb-runtime-2.3.5.jar:/Users/victordominguez/.m2/repository/org/glassfish/jaxb/txw2/2.3.5/txw2-2.3.5.jar:/Users/victordominguez/.m2/repository/com/sun/istack/istack-commons-runtime/3.0.12/istack-commons-runtime-3.0.12.jar:/Users/victordominguez/.m2/repository/com/sun/activation/jakarta.activation/1.2.2/jakarta.activation-1.2.2.jar:/Users/victordominguez/.m2/repository/org/springframework/spring-aspects/5.3.12/spring-aspects-5.3.12.jar:/Users/victordominguez/.m2/repository/org/springframework/boot/spring-boot-starter-security/2.5.6/spring-boot-starter-security-2.5.6.jar:/Users/victordominguez/.m2/repository/org/springframework/boot/spring-boot-starter/2.5.6/spring-boot-starter-2.5.6.jar:/Users/victordominguez/.m2/repository/org/springframework/boot/spring-boot/2.5.6/spring-boot-2.5.6.jar:/Users/victordominguez/.m2/repository/org/springframework/boot/spring-boot-autoconfigure/2.5.6/spring-boot-autoconfigure-2.5.6.jar:/Users/victordominguez/.m2/repository/org/springframework/boot/spring-boot-starter-logging/2.5.6/spring-boot-starter-logging-2.5.6.jar:/Users/victordominguez/.m2/repository/ch/qos/logback/logback-classic/1.2.6/logback-classic-1.2.6.jar:/Users/victordominguez/.m2/repository/ch/qos/logback/logback-core/1.2.6/logback-core-1.2.6.jar:/Users/victordominguez/.m2/repository/org/apache/logging/log4j/log4j-to-slf4j/2.14.1/log4j-to-slf4j-2.14.1.jar:/Users/victordominguez/.m2/repository/org/apache/logging/log4j/log4j-api/2.14.1/log4j-api-2.14.1.jar:/Users/victordominguez/.m2/repository/org/slf4j/jul-to-slf4j/1.7.32/jul-to-slf4j-1.7.32.jar:/Users/victordominguez/.m2/repository/jakarta/annotation/jakarta.annotation-api/1.3.5/jakarta.annotation-api-1.3.5.jar:/Users/victordominguez/.m2/repository/org/yaml/snakeyaml/1.28/snakeyaml-1.28.jar:/Users/victordominguez/.m2/repository/org/springframework/spring-aop/5.3.12/spring-aop-5.3.12.jar:/Users/victordominguez/.m2/repository/org/springframework/security/spring-security-config/5.5.3/spring-security-config-5.5.3.jar:/Users/victordominguez/.m2/repository/org/springframework/security/spring-security-web/5.5.3/spring-security-web-5.5.3.jar:/Users/victordominguez/.m2/repository/org/springframework/spring-expression/5.3.12/spring-expression-5.3.12.jar:/Users/victordominguez/.m2/repository/org/springframework/kafka/spring-kafka/2.7.8/spring-kafka-2.7.8.jar:/Users/victordominguez/.m2/repository/org/springframework/spring-context/5.3.12/spring-context-5.3.12.jar:/Users/victordominguez/.m2/repository/org/springframework/spring-messaging/5.3.12/spring-messaging-5.3.12.jar:/Users/victordominguez/.m2/repository/org/springframework/spring-tx/5.3.12/spring-tx-5.3.12.jar:/Users/victordominguez/.m2/repository/org/springframework/retry/spring-retry/1.3.1/spring-retry-1.3.1.jar:/Users/victordominguez/.m2/repository/javax/annotation/javax.annotation-api/1.3.2/javax.annotation-api-1.3.2.jar:/Users/victordominguez/.m2/repository/org/apache/kafka/kafka-clients/2.7.1/kafka-clients-2.7.1.jar:/Users/victordominguez/.m2/repository/com/github/luben/zstd-jni/1.4.5-6/zstd-jni-1.4.5-6.jar:/Users/victordominguez/.m2/repository/org/lz4/lz4-java/1.7.1/lz4-java-1.7.1.jar:/Users/victordominguez/.m2/repository/org/xerial/snappy/snappy-java/1.1.7.7/snappy-java-1.1.7.7.jar:/Users/victordominguez/.m2/repository/com/google/code/findbugs/jsr305/3.0.2/jsr305-3.0.2.jar:/Users/victordominguez/.m2/repository/org/projectlombok/lombok/1.18.22/lombok-1.18.22.jar:/Users/victordominguez/.m2/repository/org/springframework/boot/spring-boot-starter-test/2.5.6/spring-boot-starter-test-2.5.6.jar:/Users/victordominguez/.m2/repository/org/springframework/boot/spring-boot-test/2.5.6/spring-boot-test-2.5.6.jar:/Users/victordominguez/.m2/repository/org/springframework/boot/spring-boot-test-autoconfigure/2.5.6/spring-boot-test-autoconfigure-2.5.6.jar:/Users/victordominguez/.m2/repository/com/jayway/jsonpath/json-path/2.5.0/json-path-2.5.0.jar:/Users/victordominguez/.m2/repository/net/minidev/json-smart/2.4.7/json-smart-2.4.7.jar:/Users/victordominguez/.m2/repository/net/minidev/accessors-smart/2.4.7/accessors-smart-2.4.7.jar:/Users/victordominguez/.m2/repository/org/ow2/asm/asm/9.1/asm-9.1.jar:/Users/victordominguez/.m2/repository/jakarta/xml/bind/jakarta.xml.bind-api/2.3.3/jakarta.xml.bind-api-2.3.3.jar:/Users/victordominguez/.m2/repository/jakarta/activation/jakarta.activation-api/1.2.2/jakarta.activation-api-1.2.2.jar:/Users/victordominguez/.m2/repository/org/assertj/assertj-core/3.19.0/assertj-core-3.19.0.jar:/Users/victordominguez/.m2/repository/org/hamcrest/hamcrest/2.2/hamcrest-2.2.jar:/Users/victordominguez/.m2/repository/org/junit/jupiter/junit-jupiter/5.7.2/junit-jupiter-5.7.2.jar:/Users/victordominguez/.m2/repository/org/junit/jupiter/junit-jupiter-params/5.7.2/junit-jupiter-params-5.7.2.jar:/Users/victordominguez/.m2/repository/org/junit/jupiter/junit-jupiter-engine/5.7.2/junit-jupiter-engine-5.7.2.jar:/Users/victordominguez/.m2/repository/org/junit/platform/junit-platform-engine/1.7.2/junit-platform-engine-1.7.2.jar:/Users/victordominguez/.m2/repository/org/mockito/mockito-core/3.9.0/mockito-core-3.9.0.jar:/Users/victordominguez/.m2/repository/net/bytebuddy/byte-buddy-agent/1.10.22/byte-buddy-agent-1.10.22.jar:/Users/victordominguez/.m2/repository/org/objenesis/objenesis/3.2/objenesis-3.2.jar:/Users/victordominguez/.m2/repository/org/mockito/mockito-junit-jupiter/3.9.0/mockito-junit-jupiter-3.9.0.jar:/Users/victordominguez/.m2/repository/org/skyscreamer/jsonassert/1.5.0/jsonassert-1.5.0.jar:/Users/victordominguez/.m2/repository/com/vaadin/external/google/android-json/0.0.20131108.vaadin1/android-json-0.0.20131108.vaadin1.jar:/Users/victordominguez/.m2/repository/org/springframework/spring-core/5.3.12/spring-core-5.3.12.jar:/Users/victordominguez/.m2/repository/org/springframework/spring-jcl/5.3.12/spring-jcl-5.3.12.jar:/Users/victordominguez/.m2/repository/org/springframework/spring-test/5.3.12/spring-test-5.3.12.jar:/Users/victordominguez/.m2/repository/org/xmlunit/xmlunit-core/2.8.3/xmlunit-core-2.8.3.jar:/Users/victordominguez/.m2/repository/org/springframework/kafka/spring-kafka-test/2.7.8/spring-kafka-test-2.7.8.jar:/Users/victordominguez/.m2/repository/org/apache/kafka/kafka-clients/2.7.1/kafka-clients-2.7.1-test.jar:/Users/victordominguez/.m2/repository/org/apache/kafka/kafka-streams/2.7.1/kafka-streams-2.7.1.jar:/Users/victordominguez/.m2/repository/org/apache/kafka/connect-json/2.7.1/connect-json-2.7.1.jar:/Users/victordominguez/.m2/repository/org/apache/kafka/connect-api/2.7.1/connect-api-2.7.1.jar:/Users/victordominguez/.m2/repository/org/rocksdb/rocksdbjni/5.18.4/rocksdbjni-5.18.4.jar:/Users/victordominguez/.m2/repository/org/apache/kafka/kafka-streams-test-utils/2.7.1/kafka-streams-test-utils-2.7.1.jar:/Users/victordominguez/.m2/repository/org/apache/kafka/kafka_2.13/2.7.1/kafka_2.13-2.7.1.jar:/Users/victordominguez/.m2/repository/org/apache/kafka/kafka-raft/2.7.1/kafka-raft-2.7.1.jar:/Users/victordominguez/.m2/repository/com/fasterxml/jackson/module/jackson-module-scala_2.13/2.12.5/jackson-module-scala_2.13-2.12.5.jar:/Users/victordominguez/.m2/repository/com/thoughtworks/paranamer/paranamer/2.8/paranamer-2.8.jar:/Users/victordominguez/.m2/repository/com/fasterxml/jackson/dataformat/jackson-dataformat-csv/2.12.5/jackson-dataformat-csv-2.12.5.jar:/Users/victordominguez/.m2/repository/com/fasterxml/jackson/datatype/jackson-datatype-jdk8/2.12.5/jackson-datatype-jdk8-2.12.5.jar:/Users/victordominguez/.m2/repository/net/sf/jopt-simple/jopt-simple/5.0.4/jopt-simple-5.0.4.jar:/Users/victordominguez/.m2/repository/com/yammer/metrics/metrics-core/2.2.0/metrics-core-2.2.0.jar:/Users/victordominguez/.m2/repository/org/scala-lang/modules/scala-collection-compat_2.13/2.2.0/scala-collection-compat_2.13-2.2.0.jar:/Users/victordominguez/.m2/repository/org/scala-lang/modules/scala-java8-compat_2.13/0.9.1/scala-java8-compat_2.13-0.9.1.jar:/Users/victordominguez/.m2/repository/org/scala-lang/scala-library/2.13.3/scala-library-2.13.3.jar:/Users/victordominguez/.m2/repository/org/scala-lang/scala-reflect/2.13.3/scala-reflect-2.13.3.jar:/Users/victordominguez/.m2/repository/com/typesafe/scala-logging/scala-logging_2.13/3.9.2/scala-logging_2.13-3.9.2.jar:/Users/victordominguez/.m2/repository/org/apache/zookeeper/zookeeper/3.5.9/zookeeper-3.5.9.jar:/Users/victordominguez/.m2/repository/org/apache/zookeeper/zookeeper-jute/3.5.9/zookeeper-jute-3.5.9.jar:/Users/victordominguez/.m2/repository/org/apache/yetus/audience-annotations/0.5.0/audience-annotations-0.5.0.jar:/Users/victordominguez/.m2/repository/io/netty/netty-handler/4.1.69.Final/netty-handler-4.1.69.Final.jar:/Users/victordominguez/.m2/repository/io/netty/netty-common/4.1.69.Final/netty-common-4.1.69.Final.jar:/Users/victordominguez/.m2/repository/io/netty/netty-resolver/4.1.69.Final/netty-resolver-4.1.69.Final.jar:/Users/victordominguez/.m2/repository/io/netty/netty-buffer/4.1.69.Final/netty-buffer-4.1.69.Final.jar:/Users/victordominguez/.m2/repository/io/netty/netty-transport/4.1.69.Final/netty-transport-4.1.69.Final.jar:/Users/victordominguez/.m2/repository/io/netty/netty-codec/4.1.69.Final/netty-codec-4.1.69.Final.jar:/Users/victordominguez/.m2/repository/io/netty/netty-transport-native-epoll/4.1.69.Final/netty-transport-native-epoll-4.1.69.Final.jar:/Users/victordominguez/.m2/repository/io/netty/netty-transport-native-unix-common/4.1.69.Final/netty-transport-native-unix-common-4.1.69.Final.jar:/Users/victordominguez/.m2/repository/commons-cli/commons-cli/1.4/commons-cli-1.4.jar:/Users/victordominguez/.m2/repository/org/apache/kafka/kafka_2.13/2.7.1/kafka_2.13-2.7.1-test.jar:/Users/victordominguez/.m2/repository/org/junit/jupiter/junit-jupiter-api/5.7.2/junit-jupiter-api-5.7.2.jar:/Users/victordominguez/.m2/repository/org/apiguardian/apiguardian-api/1.1.0/apiguardian-api-1.1.0.jar:/Users/victordominguez/.m2/repository/org/opentest4j/opentest4j/1.2.0/opentest4j-1.2.0.jar:/Users/victordominguez/.m2/repository/org/junit/platform/junit-platform-commons/1.7.2/junit-platform-commons-1.7.2.jar:/Users/victordominguez/.m2/repository/org/springframework/security/spring-security-test/5.5.3/spring-security-test-5.5.3.jar:/Users/victordominguez/.m2/repository/org/springframework/security/spring-security-core/5.5.3/spring-security-core-5.5.3.jar:/Users/victordominguez/.m2/repository/org/springframework/security/spring-security-crypto/5.5.3/spring-security-crypto-5.5.3.jar:/Users/victordominguez/.m2/repository/org/springframework/boot/spring-boot-starter-web/2.4.4/spring-boot-starter-web-2.4.4.jar:/Users/victordominguez/.m2/repository/org/springframework/boot/spring-boot-starter-json/2.5.6/spring-boot-starter-json-2.5.6.jar:/Users/victordominguez/.m2/repository/com/fasterxml/jackson/datatype/jackson-datatype-jsr310/2.12.5/jackson-datatype-jsr310-2.12.5.jar:/Users/victordominguez/.m2/repository/com/fasterxml/jackson/module/jackson-module-parameter-names/2.12.5/jackson-module-parameter-names-2.12.5.jar:/Users/victordominguez/.m2/repository/org/springframework/boot/spring-boot-starter-tomcat/2.5.6/spring-boot-starter-tomcat-2.5.6.jar:/Users/victordominguez/.m2/repository/org/apache/tomcat/embed/tomcat-embed-core/9.0.54/tomcat-embed-core-9.0.54.jar:/Users/victordominguez/.m2/repository/org/apache/tomcat/embed/tomcat-embed-el/9.0.54/tomcat-embed-el-9.0.54.jar:/Users/victordominguez/.m2/repository/org/apache/tomcat/embed/tomcat-embed-websocket/9.0.54/tomcat-embed-websocket-9.0.54.jar:/Users/victordominguez/.m2/repository/org/springframework/spring-web/5.3.12/spring-web-5.3.12.jar:/Users/victordominguez/.m2/repository/org/springframework/spring-webmvc/5.3.12/spring-webmvc-5.3.12.jar:/Users/victordominguez/.m2/repository/org/springframework/data/spring-data-jpa/2.4.6/spring-data-jpa-2.4.6.jar:/Users/victordominguez/.m2/repository/org/springframework/data/spring-data-commons/2.5.6/spring-data-commons-2.5.6.jar:/Users/victordominguez/.m2/repository/org/springframework/spring-orm/5.3.12/spring-orm-5.3.12.jar:/Users/victordominguez/.m2/repository/org/springframework/spring-beans/5.3.12/spring-beans-5.3.12.jar:/Users/victordominguez/.m2/repository/org/aspectj/aspectjrt/1.9.7/aspectjrt-1.9.7.jar:/Users/victordominguez/.m2/repository/org/slf4j/slf4j-api/1.7.32/slf4j-api-1.7.32.jar:/Users/victordominguez/.m2/repository/org/openapitools/jackson-databind-nullable/0.2.1/jackson-databind-nullable-0.2.1.jar:/Users/victordominguez/.m2/repository/com/fasterxml/jackson/core/jackson-databind/2.12.5/jackson-databind-2.12.5.jar:/Users/victordominguez/.m2/repository/com/fasterxml/jackson/core/jackson-annotations/2.12.5/jackson-annotations-2.12.5.jar:/Users/victordominguez/.m2/repository/com/fasterxml/jackson/core/jackson-core/2.12.5/jackson-core-2.12.5.jar:/Users/victordominguez/.m2/repository/io/springfox/springfox-swagger2/2.9.2/springfox-swagger2-2.9.2.jar:/Users/victordominguez/.m2/repository/io/swagger/swagger-annotations/1.5.20/swagger-annotations-1.5.20.jar:/Users/victordominguez/.m2/repository/io/swagger/swagger-models/1.5.20/swagger-models-1.5.20.jar:/Users/victordominguez/.m2/repository/io/springfox/springfox-spi/2.9.2/springfox-spi-2.9.2.jar:/Users/victordominguez/.m2/repository/io/springfox/springfox-core/2.9.2/springfox-core-2.9.2.jar:/Users/victordominguez/.m2/repository/io/springfox/springfox-schema/2.9.2/springfox-schema-2.9.2.jar:/Users/victordominguez/.m2/repository/io/springfox/springfox-swagger-common/2.9.2/springfox-swagger-common-2.9.2.jar:/Users/victordominguez/.m2/repository/io/springfox/springfox-spring-web/2.9.2/springfox-spring-web-2.9.2.jar:/Users/victordominguez/.m2/repository/com/google/guava/guava/20.0/guava-20.0.jar:/Users/victordominguez/.m2/repository/com/fasterxml/classmate/1.5.1/classmate-1.5.1.jar:/Users/victordominguez/.m2/repository/org/springframework/plugin/spring-plugin-core/1.2.0.RELEASE/spring-plugin-core-1.2.0.RELEASE.jar:/Users/victordominguez/.m2/repository/org/springframework/plugin/spring-plugin-metadata/1.2.0.RELEASE/spring-plugin-metadata-1.2.0.RELEASE.jar:/Users/victordominguez/.m2/repository/org/mapstruct/mapstruct/1.2.0.Final/mapstruct-1.2.0.Final.jar:/Users/victordominguez/.m2/repository/javax/validation/validation-api/1.1.0.Final/validation-api-1.1.0.Final.jar:"/>
    <property name="java.vm.vendor" value="Homebrew"/>
    <property name="sun.arch.data.model" value="64"/>
    <property name="java.vendor.url" value="https://github.com/Homebrew/homebrew-core/issues"/>
    <property name="os.name" value="Mac OS X"/>
    <property name="java.vm.specification.version" value="17"/>
    <property name="sun.java.launcher" value="SUN_STANDARD"/>
    <property name="user.country" value="US"/>
    <property name="sun.boot.library.path" value="/usr/local/Cellar/openjdk/17.0.1/libexec/openjdk.jdk/Contents/Home/lib"/>
    <property name="sun.java.command" value="/Users/victordominguez/workspace/atm/target/surefire/surefirebooter5755952606664756359.jar /Users/victordominguez/workspace/atm/target/surefire 2021-11-13T22-31-34_183-jvmRun1 surefire2076084391377793547tmp surefire_09834095421630716635tmp"/>
    <property name="http.nonProxyHosts" value="local|*.local|169.254/16|*.169.254/16"/>
    <property name="jdk.debug" value="release"/>
    <property name="surefire.test.class.path" value="/Users/victordominguez/workspace/atm/target/test-classes:/Users/victordominguez/workspace/atm/target/classes:/Users/victordominguez/.m2/repository/org/springframework/boot/spring-boot-starter-data-jpa/2.5.6/spring-boot-starter-data-jpa-2.5.6.jar:/Users/victordominguez/.m2/repository/org/springframework/boot/spring-boot-starter-aop/2.5.6/spring-boot-starter-aop-2.5.6.jar:/Users/victordominguez/.m2/repository/org/aspectj/aspectjweaver/1.9.7/aspectjweaver-1.9.7.jar:/Users/victordominguez/.m2/repository/org/springframework/boot/spring-boot-starter-jdbc/2.5.6/spring-boot-starter-jdbc-2.5.6.jar:/Users/victordominguez/.m2/repository/com/zaxxer/HikariCP/4.0.3/HikariCP-4.0.3.jar:/Users/victordominguez/.m2/repository/org/springframework/spring-jdbc/5.3.12/spring-jdbc-5.3.12.jar:/Users/victordominguez/.m2/repository/jakarta/transaction/jakarta.transaction-api/1.3.3/jakarta.transaction-api-1.3.3.jar:/Users/victordominguez/.m2/repository/jakarta/persistence/jakarta.persistence-api/2.2.3/jakarta.persistence-api-2.2.3.jar:/Users/victordominguez/.m2/repository/org/hibernate/hibernate-core/5.4.32.Final/hibernate-core-5.4.32.Final.jar:/Users/victordominguez/.m2/repository/org/jboss/logging/jboss-logging/3.4.2.Final/jboss-logging-3.4.2.Final.jar:/Users/victordominguez/.m2/repository/org/javassist/javassist/3.27.0-GA/javassist-3.27.0-GA.jar:/Users/victordominguez/.m2/repository/net/bytebuddy/byte-buddy/1.10.22/byte-buddy-1.10.22.jar:/Users/victordominguez/.m2/repository/antlr/antlr/2.7.7/antlr-2.7.7.jar:/Users/victordominguez/.m2/repository/org/jboss/jandex/2.2.3.Final/jandex-2.2.3.Final.jar:/Users/victordominguez/.m2/repository/org/dom4j/dom4j/2.1.3/dom4j-2.1.3.jar:/Users/victordominguez/.m2/repository/org/hibernate/common/hibernate-commons-annotations/5.1.2.Final/hibernate-commons-annotations-5.1.2.Final.jar:/Users/victordominguez/.m2/repository/org/glassfish/jaxb/jaxb-runtime/2.3.5/jaxb-runtime-2.3.5.jar:/Users/victordominguez/.m2/repository/org/glassfish/jaxb/txw2/2.3.5/txw2-2.3.5.jar:/Users/victordominguez/.m2/repository/com/sun/istack/istack-commons-runtime/3.0.12/istack-commons-runtime-3.0.12.jar:/Users/victordominguez/.m2/repository/com/sun/activation/jakarta.activation/1.2.2/jakarta.activation-1.2.2.jar:/Users/victordominguez/.m2/repository/org/springframework/spring-aspects/5.3.12/spring-aspects-5.3.12.jar:/Users/victordominguez/.m2/repository/org/springframework/boot/spring-boot-starter-security/2.5.6/spring-boot-starter-security-2.5.6.jar:/Users/victordominguez/.m2/repository/org/springframework/boot/spring-boot-starter/2.5.6/spring-boot-starter-2.5.6.jar:/Users/victordominguez/.m2/repository/org/springframework/boot/spring-boot/2.5.6/spring-boot-2.5.6.jar:/Users/victordominguez/.m2/repository/org/springframework/boot/spring-boot-autoconfigure/2.5.6/spring-boot-autoconfigure-2.5.6.jar:/Users/victordominguez/.m2/repository/org/springframework/boot/spring-boot-starter-logging/2.5.6/spring-boot-starter-logging-2.5.6.jar:/Users/victordominguez/.m2/repository/ch/qos/logback/logback-classic/1.2.6/logback-classic-1.2.6.jar:/Users/victordominguez/.m2/repository/ch/qos/logback/logback-core/1.2.6/logback-core-1.2.6.jar:/Users/victordominguez/.m2/repository/org/apache/logging/log4j/log4j-to-slf4j/2.14.1/log4j-to-slf4j-2.14.1.jar:/Users/victordominguez/.m2/repository/org/apache/logging/log4j/log4j-api/2.14.1/log4j-api-2.14.1.jar:/Users/victordominguez/.m2/repository/org/slf4j/jul-to-slf4j/1.7.32/jul-to-slf4j-1.7.32.jar:/Users/victordominguez/.m2/repository/jakarta/annotation/jakarta.annotation-api/1.3.5/jakarta.annotation-api-1.3.5.jar:/Users/victordominguez/.m2/repository/org/yaml/snakeyaml/1.28/snakeyaml-1.28.jar:/Users/victordominguez/.m2/repository/org/springframework/spring-aop/5.3.12/spring-aop-5.3.12.jar:/Users/victordominguez/.m2/repository/org/springframework/security/spring-security-config/5.5.3/spring-security-config-5.5.3.jar:/Users/victordominguez/.m2/repository/org/springframework/security/spring-security-web/5.5.3/spring-security-web-5.5.3.jar:/Users/victordominguez/.m2/repository/org/springframework/spring-expression/5.3.12/spring-expression-5.3.12.jar:/Users/victordominguez/.m2/repository/org/springframework/kafka/spring-kafka/2.7.8/spring-kafka-2.7.8.jar:/Users/victordominguez/.m2/repository/org/springframework/spring-context/5.3.12/spring-context-5.3.12.jar:/Users/victordominguez/.m2/repository/org/springframework/spring-messaging/5.3.12/spring-messaging-5.3.12.jar:/Users/victordominguez/.m2/repository/org/springframework/spring-tx/5.3.12/spring-tx-5.3.12.jar:/Users/victordominguez/.m2/repository/org/springframework/retry/spring-retry/1.3.1/spring-retry-1.3.1.jar:/Users/victordominguez/.m2/repository/javax/annotation/javax.annotation-api/1.3.2/javax.annotation-api-1.3.2.jar:/Users/victordominguez/.m2/repository/org/apache/kafka/kafka-clients/2.7.1/kafka-clients-2.7.1.jar:/Users/victordominguez/.m2/repository/com/github/luben/zstd-jni/1.4.5-6/zstd-jni-1.4.5-6.jar:/Users/victordominguez/.m2/repository/org/lz4/lz4-java/1.7.1/lz4-java-1.7.1.jar:/Users/victordominguez/.m2/repository/org/xerial/snappy/snappy-java/1.1.7.7/snappy-java-1.1.7.7.jar:/Users/victordominguez/.m2/repository/com/google/code/findbugs/jsr305/3.0.2/jsr305-3.0.2.jar:/Users/victordominguez/.m2/repository/org/projectlombok/lombok/1.18.22/lombok-1.18.22.jar:/Users/victordominguez/.m2/repository/org/springframework/boot/spring-boot-starter-test/2.5.6/spring-boot-starter-test-2.5.6.jar:/Users/victordominguez/.m2/repository/org/springframework/boot/spring-boot-test/2.5.6/spring-boot-test-2.5.6.jar:/Users/victordominguez/.m2/repository/org/springframework/boot/spring-boot-test-autoconfigure/2.5.6/spring-boot-test-autoconfigure-2.5.6.jar:/Users/victordominguez/.m2/repository/com/jayway/jsonpath/json-path/2.5.0/json-path-2.5.0.jar:/Users/victordominguez/.m2/repository/net/minidev/json-smart/2.4.7/json-smart-2.4.7.jar:/Users/victordominguez/.m2/repository/net/minidev/accessors-smart/2.4.7/accessors-smart-2.4.7.jar:/Users/victordominguez/.m2/repository/org/ow2/asm/asm/9.1/asm-9.1.jar:/Users/victordominguez/.m2/repository/jakarta/xml/bind/jakarta.xml.bind-api/2.3.3/jakarta.xml.bind-api-2.3.3.jar:/Users/victordominguez/.m2/repository/jakarta/activation/jakarta.activation-api/1.2.2/jakarta.activation-api-1.2.2.jar:/Users/victordominguez/.m2/repository/org/assertj/assertj-core/3.19.0/assertj-core-3.19.0.jar:/Users/victordominguez/.m2/repository/org/hamcrest/hamcrest/2.2/hamcrest-2.2.jar:/Users/victordominguez/.m2/repository/org/junit/jupiter/junit-jupiter/5.7.2/junit-jupiter-5.7.2.jar:/Users/victordominguez/.m2/repository/org/junit/jupiter/junit-jupiter-params/5.7.2/junit-jupiter-params-5.7.2.jar:/Users/victordominguez/.m2/repository/org/junit/jupiter/junit-jupiter-engine/5.7.2/junit-jupiter-engine-5.7.2.jar:/Users/victordominguez/.m2/repository/org/junit/platform/junit-platform-engine/1.7.2/junit-platform-engine-1.7.2.jar:/Users/victordominguez/.m2/repository/org/mockito/mockito-core/3.9.0/mockito-core-3.9.0.jar:/Users/victordominguez/.m2/repository/net/bytebuddy/byte-buddy-agent/1.10.22/byte-buddy-agent-1.10.22.jar:/Users/victordominguez/.m2/repository/org/objenesis/objenesis/3.2/objenesis-3.2.jar:/Users/victordominguez/.m2/repository/org/mockito/mockito-junit-jupiter/3.9.0/mockito-junit-jupiter-3.9.0.jar:/Users/victordominguez/.m2/repository/org/skyscreamer/jsonassert/1.5.0/jsonassert-1.5.0.jar:/Users/victordominguez/.m2/repository/com/vaadin/external/google/android-json/0.0.20131108.vaadin1/android-json-0.0.20131108.vaadin1.jar:/Users/victordominguez/.m2/repository/org/springframework/spring-core/5.3.12/spring-core-5.3.12.jar:/Users/victordominguez/.m2/repository/org/springframework/spring-jcl/5.3.12/spring-jcl-5.3.12.jar:/Users/victordominguez/.m2/repository/org/springframework/spring-test/5.3.12/spring-test-5.3.12.jar:/Users/victordominguez/.m2/repository/org/xmlunit/xmlunit-core/2.8.3/xmlunit-core-2.8.3.jar:/Users/victordominguez/.m2/repository/org/springframework/kafka/spring-kafka-test/2.7.8/spring-kafka-test-2.7.8.jar:/Users/victordominguez/.m2/repository/org/apache/kafka/kafka-clients/2.7.1/kafka-clients-2.7.1-test.jar:/Users/victordominguez/.m2/repository/org/apache/kafka/kafka-streams/2.7.1/kafka-streams-2.7.1.jar:/Users/victordominguez/.m2/repository/org/apache/kafka/connect-json/2.7.1/connect-json-2.7.1.jar:/Users/victordominguez/.m2/repository/org/apache/kafka/connect-api/2.7.1/connect-api-2.7.1.jar:/Users/victordominguez/.m2/repository/org/rocksdb/rocksdbjni/5.18.4/rocksdbjni-5.18.4.jar:/Users/victordominguez/.m2/repository/org/apache/kafka/kafka-streams-test-utils/2.7.1/kafka-streams-test-utils-2.7.1.jar:/Users/victordominguez/.m2/repository/org/apache/kafka/kafka_2.13/2.7.1/kafka_2.13-2.7.1.jar:/Users/victordominguez/.m2/repository/org/apache/kafka/kafka-raft/2.7.1/kafka-raft-2.7.1.jar:/Users/victordominguez/.m2/repository/com/fasterxml/jackson/module/jackson-module-scala_2.13/2.12.5/jackson-module-scala_2.13-2.12.5.jar:/Users/victordominguez/.m2/repository/com/thoughtworks/paranamer/paranamer/2.8/paranamer-2.8.jar:/Users/victordominguez/.m2/repository/com/fasterxml/jackson/dataformat/jackson-dataformat-csv/2.12.5/jackson-dataformat-csv-2.12.5.jar:/Users/victordominguez/.m2/repository/com/fasterxml/jackson/datatype/jackson-datatype-jdk8/2.12.5/jackson-datatype-jdk8-2.12.5.jar:/Users/victordominguez/.m2/repository/net/sf/jopt-simple/jopt-simple/5.0.4/jopt-simple-5.0.4.jar:/Users/victordominguez/.m2/repository/com/yammer/metrics/metrics-core/2.2.0/metrics-core-2.2.0.jar:/Users/victordominguez/.m2/repository/org/scala-lang/modules/scala-collection-compat_2.13/2.2.0/scala-collection-compat_2.13-2.2.0.jar:/Users/victordominguez/.m2/repository/org/scala-lang/modules/scala-java8-compat_2.13/0.9.1/scala-java8-compat_2.13-0.9.1.jar:/Users/victordominguez/.m2/repository/org/scala-lang/scala-library/2.13.3/scala-library-2.13.3.jar:/Users/victordominguez/.m2/repository/org/scala-lang/scala-reflect/2.13.3/scala-reflect-2.13.3.jar:/Users/victordominguez/.m2/repository/com/typesafe/scala-logging/scala-logging_2.13/3.9.2/scala-logging_2.13-3.9.2.jar:/Users/victordominguez/.m2/repository/org/apache/zookeeper/zookeeper/3.5.9/zookeeper-3.5.9.jar:/Users/victordominguez/.m2/repository/org/apache/zookeeper/zookeeper-jute/3.5.9/zookeeper-jute-3.5.9.jar:/Users/victordominguez/.m2/repository/org/apache/yetus/audience-annotations/0.5.0/audience-annotations-0.5.0.jar:/Users/victordominguez/.m2/repository/io/netty/netty-handler/4.1.69.Final/netty-handler-4.1.69.Final.jar:/Users/victordominguez/.m2/repository/io/netty/netty-common/4.1.69.Final/netty-common-4.1.69.Final.jar:/Users/victordominguez/.m2/repository/io/netty/netty-resolver/4.1.69.Final/netty-resolver-4.1.69.Final.jar:/Users/victordominguez/.m2/repository/io/netty/netty-buffer/4.1.69.Final/netty-buffer-4.1.69.Final.jar:/Users/victordominguez/.m2/repository/io/netty/netty-transport/4.1.69.Final/netty-transport-4.1.69.Final.jar:/Users/victordominguez/.m2/repository/io/netty/netty-codec/4.1.69.Final/netty-codec-4.1.69.Final.jar:/Users/victordominguez/.m2/repository/io/netty/netty-transport-native-epoll/4.1.69.Final/netty-transport-native-epoll-4.1.69.Final.jar:/Users/victordominguez/.m2/repository/io/netty/netty-transport-native-unix-common/4.1.69.Final/netty-transport-native-unix-common-4.1.69.Final.jar:/Users/victordominguez/.m2/repository/commons-cli/commons-cli/1.4/commons-cli-1.4.jar:/Users/victordominguez/.m2/repository/org/apache/kafka/kafka_2.13/2.7.1/kafka_2.13-2.7.1-test.jar:/Users/victordominguez/.m2/repository/org/junit/jupiter/junit-jupiter-api/5.7.2/junit-jupiter-api-5.7.2.jar:/Users/victordominguez/.m2/repository/org/apiguardian/apiguardian-api/1.1.0/apiguardian-api-1.1.0.jar:/Users/victordominguez/.m2/repository/org/opentest4j/opentest4j/1.2.0/opentest4j-1.2.0.jar:/Users/victordominguez/.m2/repository/org/junit/platform/junit-platform-commons/1.7.2/junit-platform-commons-1.7.2.jar:/Users/victordominguez/.m2/repository/org/springframework/security/spring-security-test/5.5.3/spring-security-test-5.5.3.jar:/Users/victordominguez/.m2/repository/org/springframework/security/spring-security-core/5.5.3/spring-security-core-5.5.3.jar:/Users/victordominguez/.m2/repository/org/springframework/security/spring-security-crypto/5.5.3/spring-security-crypto-5.5.3.jar:/Users/victordominguez/.m2/repository/org/springframework/boot/spring-boot-starter-web/2.4.4/spring-boot-starter-web-2.4.4.jar:/Users/victordominguez/.m2/repository/org/springframework/boot/spring-boot-starter-json/2.5.6/spring-boot-starter-json-2.5.6.jar:/Users/victordominguez/.m2/repository/com/fasterxml/jackson/datatype/jackson-datatype-jsr310/2.12.5/jackson-datatype-jsr310-2.12.5.jar:/Users/victordominguez/.m2/repository/com/fasterxml/jackson/module/jackson-module-parameter-names/2.12.5/jackson-module-parameter-names-2.12.5.jar:/Users/victordominguez/.m2/repository/org/springframework/boot/spring-boot-starter-tomcat/2.5.6/spring-boot-starter-tomcat-2.5.6.jar:/Users/victordominguez/.m2/repository/org/apache/tomcat/embed/tomcat-embed-core/9.0.54/tomcat-embed-core-9.0.54.jar:/Users/victordominguez/.m2/repository/org/apache/tomcat/embed/tomcat-embed-el/9.0.54/tomcat-embed-el-9.0.54.jar:/Users/victordominguez/.m2/repository/org/apache/tomcat/embed/tomcat-embed-websocket/9.0.54/tomcat-embed-websocket-9.0.54.jar:/Users/victordominguez/.m2/repository/org/springframework/spring-web/5.3.12/spring-web-5.3.12.jar:/Users/victordominguez/.m2/repository/org/springframework/spring-webmvc/5.3.12/spring-webmvc-5.3.12.jar:/Users/victordominguez/.m2/repository/org/springframework/data/spring-data-jpa/2.4.6/spring-data-jpa-2.4.6.jar:/Users/victordominguez/.m2/repository/org/springframework/data/spring-data-commons/2.5.6/spring-data-commons-2.5.6.jar:/Users/victordominguez/.m2/repository/org/springframework/spring-orm/5.3.12/spring-orm-5.3.12.jar:/Users/victordominguez/.m2/repository/org/springframework/spring-beans/5.3.12/spring-beans-5.3.12.jar:/Users/victordominguez/.m2/repository/org/aspectj/aspectjrt/1.9.7/aspectjrt-1.9.7.jar:/Users/victordominguez/.m2/repository/org/slf4j/slf4j-api/1.7.32/slf4j-api-1.7.32.jar:/Users/victordominguez/.m2/repository/org/openapitools/jackson-databind-nullable/0.2.1/jackson-databind-nullable-0.2.1.jar:/Users/victordominguez/.m2/repository/com/fasterxml/jackson/core/jackson-databind/2.12.5/jackson-databind-2.12.5.jar:/Users/victordominguez/.m2/repository/com/fasterxml/jackson/core/jackson-annotations/2.12.5/jackson-annotations-2.12.5.jar:/Users/victordominguez/.m2/repository/com/fasterxml/jackson/core/jackson-core/2.12.5/jackson-core-2.12.5.jar:/Users/victordominguez/.m2/repository/io/springfox/springfox-swagger2/2.9.2/springfox-swagger2-2.9.2.jar:/Users/victordominguez/.m2/repository/io/swagger/swagger-annotations/1.5.20/swagger-annotations-1.5.20.jar:/Users/victordominguez/.m2/repository/io/swagger/swagger-models/1.5.20/swagger-models-1.5.20.jar:/Users/victordominguez/.m2/repository/io/springfox/springfox-spi/2.9.2/springfox-spi-2.9.2.jar:/Users/victordominguez/.m2/repository/io/springfox/springfox-core/2.9.2/springfox-core-2.9.2.jar:/Users/victordominguez/.m2/repository/io/springfox/springfox-schema/2.9.2/springfox-schema-2.9.2.jar:/Users/victordominguez/.m2/repository/io/springfox/springfox-swagger-common/2.9.2/springfox-swagger-common-2.9.2.jar:/Users/victordominguez/.m2/repository/io/springfox/springfox-spring-web/2.9.2/springfox-spring-web-2.9.2.jar:/Users/victordominguez/.m2/repository/com/google/guava/guava/20.0/guava-20.0.jar:/Users/victordominguez/.m2/repository/com/fasterxml/classmate/1.5.1/classmate-1.5.1.jar:/Users/victordominguez/.m2/repository/org/springframework/plugin/spring-plugin-core/1.2.0.RELEASE/spring-plugin-core-1.2.0.RELEASE.jar:/Users/victordominguez/.m2/repository/org/springframework/plugin/spring-plugin-metadata/1.2.0.RELEASE/spring-plugin-metadata-1.2.0.RELEASE.jar:/Users/victordominguez/.m2/repository/org/mapstruct/mapstruct/1.2.0.Final/mapstruct-1.2.0.Final.jar:/Users/victordominguez/.m2/repository/javax/validation/validation-api/1.1.0.Final/validation-api-1.1.0.Final.jar:"/>
    <property name="sun.cpu.endian" value="little"/>
    <property name="user.home" value="/Users/victordominguez"/>
    <property name="user.language" value="en"/>
    <property name="java.specification.vendor" value="Oracle Corporation"/>
    <property name="java.version.date" value="2021-10-19"/>
    <property name="java.home" value="/usr/local/Cellar/openjdk/17.0.1/libexec/openjdk.jdk/Contents/Home"/>
    <property name="file.separator" value="/"/>
    <property name="basedir" value="/Users/victordominguez/workspace/atm"/>
    <property name="java.vm.compressedOopsMode" value="Zero based"/>
    <property name="line.separator" value="&#10;"/>
    <property name="java.specification.name" value="Java Platform API Specification"/>
    <property name="java.vm.specification.vendor" value="Oracle Corporation"/>
    <property name="surefire.real.class.path" value="/Users/victordominguez/workspace/atm/target/surefire/surefirebooter5755952606664756359.jar"/>
    <property name="sun.management.compiler" value="HotSpot 64-Bit Tiered Compilers"/>
    <property name="ftp.nonProxyHosts" value="local|*.local|169.254/16|*.169.254/16"/>
    <property name="java.runtime.version" value="17.0.1+0"/>
    <property name="user.name" value="victordominguez"/>
    <property name="path.separator" value=":"/>
    <property name="os.version" value="10.15.2"/>
    <property name="java.runtime.name" value="OpenJDK Runtime Environment"/>
    <property name="file.encoding" value="UTF-8"/>
    <property name="java.vm.name" value="OpenJDK 64-Bit Server VM"/>
    <property name="java.vendor.version" value="Homebrew"/>
    <property name="localRepository" value="/Users/victordominguez/.m2/repository"/>
    <property name="java.vendor.url.bug" value="https://github.com/Homebrew/homebrew-core/issues"/>
    <property name="java.io.tmpdir" value="/var/folders/6t/y3_qx5dj6ddbyhsvq_9phvqm0000gn/T/"/>
    <property name="java.version" value="17.0.1"/>
    <property name="user.dir" value="/Users/victordominguez/workspace/atm"/>
    <property name="os.arch" value="x86_64"/>
    <property name="java.vm.specification.name" value="Java Virtual Machine Specification"/>
    <property name="native.encoding" value="UTF-8"/>
    <property name="java.library.path" value="/Users/victordominguez/Library/Java/Extensions:/Library/Java/Extensions:/Network/Library/Java/Extensions:/System/Library/Java/Extensions:/usr/lib/java:."/>
    <property name="java.vm.info" value="mixed mode, sharing"/>
    <property name="java.vendor" value="Homebrew"/>
    <property name="java.vm.version" value="17.0.1+0"/>
    <property name="sun.io.unicode.encoding" value="UnicodeBig"/>
    <property name="socksNonProxyHosts" value="local|*.local|169.254/16|*.169.254/16"/>
    <property name="java.class.version" value="61.0"/>
  </properties>
  <testcase name="contextLoads" classname="com.task.atm.AtmDemoApplicationTests" time="0.015">
    <error message="Failed to load ApplicationContext" type="java.lang.IllegalStateException">java.lang.IllegalStateException: Failed to load ApplicationContext
Caused by: org.springframework.beans.factory.UnsatisfiedDependencyException: Error creating bean with name 'dataSourceScriptDatabaseInitializer' defined in class path resource [org/springframework/boot/autoconfigure/sql/init/DataSourceInitializationConfiguration.class]: Unsatisfied dependency expressed through method 'dataSourceScriptDatabaseInitializer' parameter 0; nested exception is org.springframework.beans.factory.BeanCreationException: Error creating bean with name 'dataSource' defined in class path resource [org/springframework/boot/autoconfigure/jdbc/DataSourceConfiguration$Hikari.class]: Bean instantiation via factory method failed; nested exception is org.springframework.beans.BeanInstantiationException: Failed to instantiate [com.zaxxer.hikari.HikariDataSource]: Factory method 'dataSource' threw exception; nested exception is org.springframework.boot.autoconfigure.jdbc.DataSourceProperties$DataSourceBeanCreationException: Failed to determine a suitable driver class
Caused by: org.springframework.beans.factory.BeanCreationException: Error creating bean with name 'dataSource' defined in class path resource [org/springframework/boot/autoconfigure/jdbc/DataSourceConfiguration$Hikari.class]: Bean instantiation via factory method failed; nested exception is org.springframework.beans.BeanInstantiationException: Failed to instantiate [com.zaxxer.hikari.HikariDataSource]: Factory method 'dataSource' threw exception; nested exception is org.springframework.boot.autoconfigure.jdbc.DataSourceProperties$DataSourceBeanCreationException: Failed to determine a suitable driver class
Caused by: org.springframework.beans.BeanInstantiationException: Failed to instantiate [com.zaxxer.hikari.HikariDataSource]: Factory method 'dataSource' threw exception; nested exception is org.springframework.boot.autoconfigure.jdbc.DataSourceProperties$DataSourceBeanCreationException: Failed to determine a suitable driver class
Caused by: org.springframework.boot.autoconfigure.jdbc.DataSourceProperties$DataSourceBeanCreationException: Failed to determine a suitable driver class
</error>
    <system-out><![CDATA[22:31:35.638 [main] DEBUG org.springframework.test.context.BootstrapUtils - Instantiating CacheAwareContextLoaderDelegate from class [org.springframework.test.context.cache.DefaultCacheAwareContextLoaderDelegate]
22:31:35.648 [main] DEBUG org.springframework.test.context.BootstrapUtils - Instantiating BootstrapContext using constructor [public org.springframework.test.context.support.DefaultBootstrapContext(java.lang.Class,org.springframework.test.context.CacheAwareContextLoaderDelegate)]
22:31:35.707 [main] DEBUG org.springframework.test.context.BootstrapUtils - Instantiating TestContextBootstrapper for test class [com.task.atm.AtmDemoApplicationTests] from class [org.springframework.boot.test.context.SpringBootTestContextBootstrapper]
22:31:35.724 [main] INFO org.springframework.boot.test.context.SpringBootTestContextBootstrapper - Neither @ContextConfiguration nor @ContextHierarchy found for test class [com.task.atm.AtmDemoApplicationTests], using SpringBootContextLoader
22:31:35.728 [main] DEBUG org.springframework.test.context.support.AbstractContextLoader - Did not detect default resource location for test class [com.task.atm.AtmDemoApplicationTests]: class path resource [com/task/atm/AtmDemoApplicationTests-context.xml] does not exist
22:31:35.729 [main] DEBUG org.springframework.test.context.support.AbstractContextLoader - Did not detect default resource location for test class [com.task.atm.AtmDemoApplicationTests]: class path resource [com/task/atm/AtmDemoApplicationTestsContext.groovy] does not exist
22:31:35.730 [main] INFO org.springframework.test.context.support.AbstractContextLoader - Could not detect default resource locations for test class [com.task.atm.AtmDemoApplicationTests]: no resource found for suffixes {-context.xml, Context.groovy}.
22:31:35.731 [main] INFO org.springframework.test.context.support.AnnotationConfigContextLoaderUtils - Could not detect default configuration classes for test class [com.task.atm.AtmDemoApplicationTests]: AtmDemoApplicationTests does not declare any static, non-private, non-final, nested classes annotated with @Configuration.
22:31:35.802 [main] DEBUG org.springframework.test.context.support.ActiveProfilesUtils - Could not find an 'annotation declaring class' for annotation type [org.springframework.test.context.ActiveProfiles] and class [com.task.atm.AtmDemoApplicationTests]
22:31:35.872 [main] DEBUG org.springframework.context.annotation.ClassPathScanningCandidateComponentProvider - Identified candidate component class: file [/Users/victordominguez/workspace/atm/target/classes/com/task/atm/AtmDemoApplication.class]
22:31:35.873 [main] INFO org.springframework.boot.test.context.SpringBootTestContextBootstrapper - Found @SpringBootConfiguration com.task.atm.AtmDemoApplication for test class com.task.atm.AtmDemoApplicationTests
22:31:35.986 [main] DEBUG org.springframework.boot.test.context.SpringBootTestContextBootstrapper - @TestExecutionListeners is not present for class [com.task.atm.AtmDemoApplicationTests]: using defaults.
22:31:35.987 [main] INFO org.springframework.boot.test.context.SpringBootTestContextBootstrapper - Loaded default TestExecutionListener class names from location [META-INF/spring.factories]: [org.springframework.boot.test.mock.mockito.MockitoTestExecutionListener, org.springframework.boot.test.mock.mockito.ResetMocksTestExecutionListener, org.springframework.boot.test.autoconfigure.restdocs.RestDocsTestExecutionListener, org.springframework.boot.test.autoconfigure.web.client.MockRestServiceServerResetTestExecutionListener, org.springframework.boot.test.autoconfigure.web.servlet.MockMvcPrintOnlyOnFailureTestExecutionListener, org.springframework.boot.test.autoconfigure.web.servlet.WebDriverTestExecutionListener, org.springframework.boot.test.autoconfigure.webservices.client.MockWebServiceServerTestExecutionListener, org.springframework.test.context.web.ServletTestExecutionListener, org.springframework.test.context.support.DirtiesContextBeforeModesTestExecutionListener, org.springframework.test.context.event.ApplicationEventsTestExecutionListener, org.springframework.test.context.support.DependencyInjectionTestExecutionListener, org.springframework.test.context.support.DirtiesContextTestExecutionListener, org.springframework.test.context.transaction.TransactionalTestExecutionListener, org.springframework.test.context.jdbc.SqlScriptsTestExecutionListener, org.springframework.test.context.event.EventPublishingTestExecutionListener, org.springframework.security.test.context.support.WithSecurityContextTestExecutionListener, org.springframework.security.test.context.support.ReactorContextTestExecutionListener]
22:31:36.004 [main] INFO org.springframework.boot.test.context.SpringBootTestContextBootstrapper - Using TestExecutionListeners: [org.springframework.test.context.web.ServletTestExecutionListener@48d61b48, org.springframework.test.context.support.DirtiesContextBeforeModesTestExecutionListener@68d279ec, org.springframework.test.context.event.ApplicationEventsTestExecutionListener@258d79be, org.springframework.boot.test.mock.mockito.MockitoTestExecutionListener@14f9390f, org.springframework.boot.test.autoconfigure.SpringBootDependencyInjectionTestExecutionListener@6c0d7c83, org.springframework.test.context.support.DirtiesContextTestExecutionListener@176b75f7, org.springframework.test.context.transaction.TransactionalTestExecutionListener@5965be2d, org.springframework.test.context.jdbc.SqlScriptsTestExecutionListener@409c54f, org.springframework.test.context.event.EventPublishingTestExecutionListener@3e74829, org.springframework.security.test.context.support.WithSecurityContextTestExecutionListener@4f6f416f, org.springframework.security.test.context.support.ReactorContextTestExecutionListener@3b8f0a79, org.springframework.boot.test.mock.mockito.ResetMocksTestExecutionListener@71e693fa, org.springframework.boot.test.autoconfigure.restdocs.RestDocsTestExecutionListener@48793bef, org.springframework.boot.test.autoconfigure.web.client.MockRestServiceServerResetTestExecutionListener@7d286fb6, org.springframework.boot.test.autoconfigure.web.servlet.MockMvcPrintOnlyOnFailureTestExecutionListener@3eb77ea8, org.springframework.boot.test.autoconfigure.web.servlet.WebDriverTestExecutionListener@7b8b43c7, org.springframework.boot.test.autoconfigure.webservices.client.MockWebServiceServerTestExecutionListener@7aaca91a]
22:31:36.007 [main] DEBUG org.springframework.test.context.support.AbstractDirtiesContextTestExecutionListener - Before test class: context [DefaultTestContext@436c81a3 testClass = AtmDemoApplicationTests, testInstance = [null], testMethod = [null], testException = [null], mergedContextConfiguration = [WebMergedContextConfiguration@3561c410 testClass = AtmDemoApplicationTests, locations = '{}', classes = '{class com.task.atm.AtmDemoApplication}', contextInitializerClasses = '[]', activeProfiles = '{}', propertySourceLocations = '{}', propertySourceProperties = '{org.springframework.boot.test.context.SpringBootTestContextBootstrapper=true}', contextCustomizers = set[org.springframework.boot.test.context.filter.ExcludeFilterContextCustomizer@2beee7ff, org.springframework.boot.test.json.DuplicateJsonObjectContextCustomizerFactory$DuplicateJsonObjectContextCustomizer@e1de817, org.springframework.boot.test.mock.mockito.MockitoContextCustomizer@0, org.springframework.boot.test.web.client.TestRestTemplateContextCustomizer@140c9f39, org.springframework.boot.test.autoconfigure.actuate.metrics.MetricsExportContextCustomizerFactory$DisableMetricExportContextCustomizer@6b8ca3c8, org.springframework.boot.test.autoconfigure.properties.PropertyMappingContextCustomizer@0, org.springframework.boot.test.autoconfigure.web.servlet.WebDriverContextCustomizerFactory$Customizer@a3d8174, org.springframework.boot.test.context.SpringBootTestArgs@1, org.springframework.boot.test.context.SpringBootTestWebEnvironment@10bbd20a], resourceBasePath = 'src/main/webapp', contextLoader = 'org.springframework.boot.test.context.SpringBootContextLoader', parent = [null]], attributes = map['org.springframework.test.context.web.ServletTestExecutionListener.activateListener' -> true]], class annotated with @DirtiesContext [false] with mode [null].
22:31:36.044 [main] DEBUG org.springframework.test.context.support.TestPropertySourceUtils - Adding inlined properties to environment: {spring.jmx.enabled=false, org.springframework.boot.test.context.SpringBootTestContextBootstrapper=true}

  .   ____          _            __ _ _
 /\\ / ___'_ __ _ _(_)_ __  __ _ \ \ \ \
( ( )\___ | '_ | '_| | '_ \/ _` | \ \ \ \
 \\/  ___)| |_)| | | | | || (_| |  ) ) ) )
  '  |____| .__|_| |_|_| |_\__, | / / / /
 =========|_|==============|___/=/_/_/_/
 :: Spring Boot ::                (v2.5.6)

2021-11-13 22:31:41.388  INFO 36048 --- [           main] com.task.atm.AtmDemoApplicationTests     : Starting AtmDemoApplicationTests using Java 17.0.1 on victors-MacBook-Pro.local with PID 36048 (started by victordominguez in /Users/victordominguez/workspace/atm)
2021-11-13 22:31:41.393  INFO 36048 --- [           main] com.task.atm.AtmDemoApplicationTests     : No active profile set, falling back to default profiles: default
2021-11-13 22:31:42.391  INFO 36048 --- [           main] .s.d.r.c.RepositoryConfigurationDelegate : Bootstrapping Spring Data JPA repositories in DEFAULT mode.
2021-11-13 22:31:42.413  INFO 36048 --- [           main] .s.d.r.c.RepositoryConfigurationDelegate : Finished Spring Data repository scanning in 9 ms. Found 0 JPA repository interfaces.
2021-11-13 22:31:43.179  WARN 36048 --- [           main] o.s.w.c.s.GenericWebApplicationContext   : Exception encountered during context initialization - cancelling refresh attempt: org.springframework.beans.factory.UnsatisfiedDependencyException: Error creating bean with name 'dataSourceScriptDatabaseInitializer' defined in class path resource [org/springframework/boot/autoconfigure/sql/init/DataSourceInitializationConfiguration.class]: Unsatisfied dependency expressed through method 'dataSourceScriptDatabaseInitializer' parameter 0; nested exception is org.springframework.beans.factory.BeanCreationException: Error creating bean with name 'dataSource' defined in class path resource [org/springframework/boot/autoconfigure/jdbc/DataSourceConfiguration$Hikari.class]: Bean instantiation via factory method failed; nested exception is org.springframework.beans.BeanInstantiationException: Failed to instantiate [com.zaxxer.hikari.HikariDataSource]: Factory method 'dataSource' threw exception; nested exception is org.springframework.boot.autoconfigure.jdbc.DataSourceProperties$DataSourceBeanCreationException: Failed to determine a suitable driver class
2021-11-13 22:31:43.196  INFO 36048 --- [           main] ConditionEvaluationReportLoggingListener : 

Error starting ApplicationContext. To display the conditions report re-run your application with 'debug' enabled.
2021-11-13 22:31:43.221 ERROR 36048 --- [           main] o.s.b.d.LoggingFailureAnalysisReporter   : 

***************************
APPLICATION FAILED TO START
***************************

Description:

Failed to configure a DataSource: 'url' attribute is not specified and no embedded datasource could be configured.

Reason: Failed to determine a suitable driver class


Action:

Consider the following:
	If you want an embedded database (H2, HSQL or Derby), please put it on the classpath.
	If you have database settings to be loaded from a particular profile you may need to activate it (no profiles are currently active).

2021-11-13 22:31:43.230 ERROR 36048 --- [           main] o.s.test.context.TestContextManager      : Caught exception while allowing TestExecutionListener [org.springframework.test.context.web.ServletTestExecutionListener@48d61b48] to prepare test instance [com.task.atm.AtmDemoApplicationTests@11900483]

java.lang.IllegalStateException: Failed to load ApplicationContext
	at org.springframework.test.context.cache.DefaultCacheAwareContextLoaderDelegate.loadContext(DefaultCacheAwareContextLoaderDelegate.java:132) ~[spring-test-5.3.12.jar:5.3.12]
	at org.springframework.test.context.support.DefaultTestContext.getApplicationContext(DefaultTestContext.java:124) ~[spring-test-5.3.12.jar:5.3.12]
	at org.springframework.test.context.web.ServletTestExecutionListener.setUpRequestContextIfNecessary(ServletTestExecutionListener.java:190) ~[spring-test-5.3.12.jar:5.3.12]
	at org.springframework.test.context.web.ServletTestExecutionListener.prepareTestInstance(ServletTestExecutionListener.java:132) ~[spring-test-5.3.12.jar:5.3.12]
	at org.springframework.test.context.TestContextManager.prepareTestInstance(TestContextManager.java:248) ~[spring-test-5.3.12.jar:5.3.12]
	at org.springframework.test.context.junit.jupiter.SpringExtension.postProcessTestInstance(SpringExtension.java:138) ~[spring-test-5.3.12.jar:5.3.12]
	at org.junit.jupiter.engine.descriptor.ClassBasedTestDescriptor.lambda$invokeTestInstancePostProcessors$6(ClassBasedTestDescriptor.java:350) ~[junit-jupiter-engine-5.7.2.jar:5.7.2]
	at org.junit.jupiter.engine.descriptor.ClassBasedTestDescriptor.executeAndMaskThrowable(ClassBasedTestDescriptor.java:355) ~[junit-jupiter-engine-5.7.2.jar:5.7.2]
	at org.junit.jupiter.engine.descriptor.ClassBasedTestDescriptor.lambda$invokeTestInstancePostProcessors$7(ClassBasedTestDescriptor.java:350) ~[junit-jupiter-engine-5.7.2.jar:5.7.2]
	at java.base/java.util.stream.ReferencePipeline$3$1.accept(ReferencePipeline.java:197) ~[na:na]
	at java.base/java.util.stream.ReferencePipeline$2$1.accept(ReferencePipeline.java:179) ~[na:na]
	at java.base/java.util.ArrayList$ArrayListSpliterator.forEachRemaining(ArrayList.java:1625) ~[na:na]
	at java.base/java.util.stream.AbstractPipeline.copyInto(AbstractPipeline.java:509) ~[na:na]
	at java.base/java.util.stream.AbstractPipeline.wrapAndCopyInto(AbstractPipeline.java:499) ~[na:na]
	at java.base/java.util.stream.StreamSpliterators$WrappingSpliterator.forEachRemaining(StreamSpliterators.java:310) ~[na:na]
	at java.base/java.util.stream.Streams$ConcatSpliterator.forEachRemaining(Streams.java:735) ~[na:na]
	at java.base/java.util.stream.Streams$ConcatSpliterator.forEachRemaining(Streams.java:734) ~[na:na]
	at java.base/java.util.stream.ReferencePipeline$Head.forEach(ReferencePipeline.java:762) ~[na:na]
	at org.junit.jupiter.engine.descriptor.ClassBasedTestDescriptor.invokeTestInstancePostProcessors(ClassBasedTestDescriptor.java:349) ~[junit-jupiter-engine-5.7.2.jar:5.7.2]
	at org.junit.jupiter.engine.descriptor.ClassBasedTestDescriptor.lambda$instantiateAndPostProcessTestInstance$4(ClassBasedTestDescriptor.java:270) ~[junit-jupiter-engine-5.7.2.jar:5.7.2]
	at org.junit.platform.engine.support.hierarchical.ThrowableCollector.execute(ThrowableCollector.java:73) ~[junit-platform-engine-1.7.2.jar:1.7.2]
	at org.junit.jupiter.engine.descriptor.ClassBasedTestDescriptor.instantiateAndPostProcessTestInstance(ClassBasedTestDescriptor.java:269) ~[junit-jupiter-engine-5.7.2.jar:5.7.2]
	at org.junit.jupiter.engine.descriptor.ClassBasedTestDescriptor.lambda$testInstancesProvider$2(ClassBasedTestDescriptor.java:259) ~[junit-jupiter-engine-5.7.2.jar:5.7.2]
	at java.base/java.util.Optional.orElseGet(Optional.java:364) ~[na:na]
	at org.junit.jupiter.engine.descriptor.ClassBasedTestDescriptor.lambda$testInstancesProvider$3(ClassBasedTestDescriptor.java:258) ~[junit-jupiter-engine-5.7.2.jar:5.7.2]
	at org.junit.jupiter.engine.execution.TestInstancesProvider.getTestInstances(TestInstancesProvider.java:31) ~[junit-jupiter-engine-5.7.2.jar:5.7.2]
	at org.junit.jupiter.engine.descriptor.TestMethodTestDescriptor.lambda$prepare$0(TestMethodTestDescriptor.java:101) ~[junit-jupiter-engine-5.7.2.jar:5.7.2]
	at org.junit.platform.engine.support.hierarchical.ThrowableCollector.execute(ThrowableCollector.java:73) ~[junit-platform-engine-1.7.2.jar:1.7.2]
	at org.junit.jupiter.engine.descriptor.TestMethodTestDescriptor.prepare(TestMethodTestDescriptor.java:100) ~[junit-jupiter-engine-5.7.2.jar:5.7.2]
	at org.junit.jupiter.engine.descriptor.TestMethodTestDescriptor.prepare(TestMethodTestDescriptor.java:65) ~[junit-jupiter-engine-5.7.2.jar:5.7.2]
	at org.junit.platform.engine.support.hierarchical.NodeTestTask.lambda$prepare$1(NodeTestTask.java:111) ~[junit-platform-engine-1.7.2.jar:1.7.2]
	at org.junit.platform.engine.support.hierarchical.ThrowableCollector.execute(ThrowableCollector.java:73) ~[junit-platform-engine-1.7.2.jar:1.7.2]
	at org.junit.platform.engine.support.hierarchical.NodeTestTask.prepare(NodeTestTask.java:111) ~[junit-platform-engine-1.7.2.jar:1.7.2]
	at org.junit.platform.engine.support.hierarchical.NodeTestTask.execute(NodeTestTask.java:79) ~[junit-platform-engine-1.7.2.jar:1.7.2]
	at java.base/java.util.ArrayList.forEach(ArrayList.java:1511) ~[na:na]
	at org.junit.platform.engine.support.hierarchical.SameThreadHierarchicalTestExecutorService.invokeAll(SameThreadHierarchicalTestExecutorService.java:38) ~[junit-platform-engine-1.7.2.jar:1.7.2]
	at org.junit.platform.engine.support.hierarchical.NodeTestTask.lambda$executeRecursively$5(NodeTestTask.java:143) ~[junit-platform-engine-1.7.2.jar:1.7.2]
	at org.junit.platform.engine.support.hierarchical.ThrowableCollector.execute(ThrowableCollector.java:73) ~[junit-platform-engine-1.7.2.jar:1.7.2]
	at org.junit.platform.engine.support.hierarchical.NodeTestTask.lambda$executeRecursively$7(NodeTestTask.java:129) ~[junit-platform-engine-1.7.2.jar:1.7.2]
	at org.junit.platform.engine.support.hierarchical.Node.around(Node.java:137) ~[junit-platform-engine-1.7.2.jar:1.7.2]
	at org.junit.platform.engine.support.hierarchical.NodeTestTask.lambda$executeRecursively$8(NodeTestTask.java:127) ~[junit-platform-engine-1.7.2.jar:1.7.2]
	at org.junit.platform.engine.support.hierarchical.ThrowableCollector.execute(ThrowableCollector.java:73) ~[junit-platform-engine-1.7.2.jar:1.7.2]
	at org.junit.platform.engine.support.hierarchical.NodeTestTask.executeRecursively(NodeTestTask.java:126) ~[junit-platform-engine-1.7.2.jar:1.7.2]
	at org.junit.platform.engine.support.hierarchical.NodeTestTask.execute(NodeTestTask.java:84) ~[junit-platform-engine-1.7.2.jar:1.7.2]
	at java.base/java.util.ArrayList.forEach(ArrayList.java:1511) ~[na:na]
	at org.junit.platform.engine.support.hierarchical.SameThreadHierarchicalTestExecutorService.invokeAll(SameThreadHierarchicalTestExecutorService.java:38) ~[junit-platform-engine-1.7.2.jar:1.7.2]
	at org.junit.platform.engine.support.hierarchical.NodeTestTask.lambda$executeRecursively$5(NodeTestTask.java:143) ~[junit-platform-engine-1.7.2.jar:1.7.2]
	at org.junit.platform.engine.support.hierarchical.ThrowableCollector.execute(ThrowableCollector.java:73) ~[junit-platform-engine-1.7.2.jar:1.7.2]
	at org.junit.platform.engine.support.hierarchical.NodeTestTask.lambda$executeRecursively$7(NodeTestTask.java:129) ~[junit-platform-engine-1.7.2.jar:1.7.2]
	at org.junit.platform.engine.support.hierarchical.Node.around(Node.java:137) ~[junit-platform-engine-1.7.2.jar:1.7.2]
	at org.junit.platform.engine.support.hierarchical.NodeTestTask.lambda$executeRecursively$8(NodeTestTask.java:127) ~[junit-platform-engine-1.7.2.jar:1.7.2]
	at org.junit.platform.engine.support.hierarchical.ThrowableCollector.execute(ThrowableCollector.java:73) ~[junit-platform-engine-1.7.2.jar:1.7.2]
	at org.junit.platform.engine.support.hierarchical.NodeTestTask.executeRecursively(NodeTestTask.java:126) ~[junit-platform-engine-1.7.2.jar:1.7.2]
	at org.junit.platform.engine.support.hierarchical.NodeTestTask.execute(NodeTestTask.java:84) ~[junit-platform-engine-1.7.2.jar:1.7.2]
	at org.junit.platform.engine.support.hierarchical.SameThreadHierarchicalTestExecutorService.submit(SameThreadHierarchicalTestExecutorService.java:32) ~[junit-platform-engine-1.7.2.jar:1.7.2]
	at org.junit.platform.engine.support.hierarchical.HierarchicalTestExecutor.execute(HierarchicalTestExecutor.java:57) ~[junit-platform-engine-1.7.2.jar:1.7.2]
	at org.junit.platform.engine.support.hierarchical.HierarchicalTestEngine.execute(HierarchicalTestEngine.java:51) ~[junit-platform-engine-1.7.2.jar:1.7.2]
	at org.junit.platform.launcher.core.DefaultLauncher.execute(DefaultLauncher.java:220) ~[junit-platform-launcher-1.3.1.jar:1.3.1]
	at org.junit.platform.launcher.core.DefaultLauncher.lambda$execute$6(DefaultLauncher.java:188) ~[junit-platform-launcher-1.3.1.jar:1.3.1]
	at org.junit.platform.launcher.core.DefaultLauncher.withInterceptedStreams(DefaultLauncher.java:202) ~[junit-platform-launcher-1.3.1.jar:1.3.1]
	at org.junit.platform.launcher.core.DefaultLauncher.execute(DefaultLauncher.java:181) ~[junit-platform-launcher-1.3.1.jar:1.3.1]
	at org.junit.platform.launcher.core.DefaultLauncher.execute(DefaultLauncher.java:128) ~[junit-platform-launcher-1.3.1.jar:1.3.1]
	at org.apache.maven.surefire.junitplatform.JUnitPlatformProvider.invokeAllTests(JUnitPlatformProvider.java:150) ~[surefire-junit-platform-2.22.2.jar:2.22.2]
	at org.apache.maven.surefire.junitplatform.JUnitPlatformProvider.invoke(JUnitPlatformProvider.java:124) ~[surefire-junit-platform-2.22.2.jar:2.22.2]
	at org.apache.maven.surefire.booter.ForkedBooter.invokeProviderInSameClassLoader(ForkedBooter.java:384) ~[surefire-booter-2.22.2.jar:2.22.2]
	at org.apache.maven.surefire.booter.ForkedBooter.runSuitesInProcess(ForkedBooter.java:345) ~[surefire-booter-2.22.2.jar:2.22.2]
	at org.apache.maven.surefire.booter.ForkedBooter.execute(ForkedBooter.java:126) ~[surefire-booter-2.22.2.jar:2.22.2]
	at org.apache.maven.surefire.booter.ForkedBooter.main(ForkedBooter.java:418) ~[surefire-booter-2.22.2.jar:2.22.2]
Caused by: org.springframework.beans.factory.UnsatisfiedDependencyException: Error creating bean with name 'dataSourceScriptDatabaseInitializer' defined in class path resource [org/springframework/boot/autoconfigure/sql/init/DataSourceInitializationConfiguration.class]: Unsatisfied dependency expressed through method 'dataSourceScriptDatabaseInitializer' parameter 0; nested exception is org.springframework.beans.factory.BeanCreationException: Error creating bean with name 'dataSource' defined in class path resource [org/springframework/boot/autoconfigure/jdbc/DataSourceConfiguration$Hikari.class]: Bean instantiation via factory method failed; nested exception is org.springframework.beans.BeanInstantiationException: Failed to instantiate [com.zaxxer.hikari.HikariDataSource]: Factory method 'dataSource' threw exception; nested exception is org.springframework.boot.autoconfigure.jdbc.DataSourceProperties$DataSourceBeanCreationException: Failed to determine a suitable driver class
	at org.springframework.beans.factory.support.ConstructorResolver.createArgumentArray(ConstructorResolver.java:800) ~[spring-beans-5.3.12.jar:5.3.12]
	at org.springframework.beans.factory.support.ConstructorResolver.instantiateUsingFactoryMethod(ConstructorResolver.java:541) ~[spring-beans-5.3.12.jar:5.3.12]
	at org.springframework.beans.factory.support.AbstractAutowireCapableBeanFactory.instantiateUsingFactoryMethod(AbstractAutowireCapableBeanFactory.java:1352) ~[spring-beans-5.3.12.jar:5.3.12]
	at org.springframework.beans.factory.support.AbstractAutowireCapableBeanFactory.createBeanInstance(AbstractAutowireCapableBeanFactory.java:1195) ~[spring-beans-5.3.12.jar:5.3.12]
	at org.springframework.beans.factory.support.AbstractAutowireCapableBeanFactory.doCreateBean(AbstractAutowireCapableBeanFactory.java:582) ~[spring-beans-5.3.12.jar:5.3.12]
	at org.springframework.beans.factory.support.AbstractAutowireCapableBeanFactory.createBean(AbstractAutowireCapableBeanFactory.java:542) ~[spring-beans-5.3.12.jar:5.3.12]
	at org.springframework.beans.factory.support.AbstractBeanFactory.lambda$doGetBean$0(AbstractBeanFactory.java:335) ~[spring-beans-5.3.12.jar:5.3.12]
	at org.springframework.beans.factory.support.DefaultSingletonBeanRegistry.getSingleton(DefaultSingletonBeanRegistry.java:234) ~[spring-beans-5.3.12.jar:5.3.12]
	at org.springframework.beans.factory.support.AbstractBeanFactory.doGetBean(AbstractBeanFactory.java:333) ~[spring-beans-5.3.12.jar:5.3.12]
	at org.springframework.beans.factory.support.AbstractBeanFactory.getBean(AbstractBeanFactory.java:208) ~[spring-beans-5.3.12.jar:5.3.12]
	at org.springframework.beans.factory.support.AbstractBeanFactory.doGetBean(AbstractBeanFactory.java:322) ~[spring-beans-5.3.12.jar:5.3.12]
	at org.springframework.beans.factory.support.AbstractBeanFactory.getBean(AbstractBeanFactory.java:208) ~[spring-beans-5.3.12.jar:5.3.12]
	at org.springframework.context.support.AbstractApplicationContext.getBean(AbstractApplicationContext.java:1154) ~[spring-context-5.3.12.jar:5.3.12]
	at org.springframework.context.support.AbstractApplicationContext.finishBeanFactoryInitialization(AbstractApplicationContext.java:908) ~[spring-context-5.3.12.jar:5.3.12]
	at org.springframework.context.support.AbstractApplicationContext.refresh(AbstractApplicationContext.java:583) ~[spring-context-5.3.12.jar:5.3.12]
	at org.springframework.boot.SpringApplication.refresh(SpringApplication.java:754) ~[spring-boot-2.5.6.jar:2.5.6]
	at org.springframework.boot.SpringApplication.refreshContext(SpringApplication.java:434) ~[spring-boot-2.5.6.jar:2.5.6]
	at org.springframework.boot.SpringApplication.run(SpringApplication.java:338) ~[spring-boot-2.5.6.jar:2.5.6]
	at org.springframework.boot.test.context.SpringBootContextLoader.loadContext(SpringBootContextLoader.java:123) ~[spring-boot-test-2.5.6.jar:2.5.6]
	at org.springframework.test.context.cache.DefaultCacheAwareContextLoaderDelegate.loadContextInternal(DefaultCacheAwareContextLoaderDelegate.java:99) ~[spring-test-5.3.12.jar:5.3.12]
	at org.springframework.test.context.cache.DefaultCacheAwareContextLoaderDelegate.loadContext(DefaultCacheAwareContextLoaderDelegate.java:124) ~[spring-test-5.3.12.jar:5.3.12]
	... 67 common frames omitted
Caused by: org.springframework.beans.factory.BeanCreationException: Error creating bean with name 'dataSource' defined in class path resource [org/springframework/boot/autoconfigure/jdbc/DataSourceConfiguration$Hikari.class]: Bean instantiation via factory method failed; nested exception is org.springframework.beans.BeanInstantiationException: Failed to instantiate [com.zaxxer.hikari.HikariDataSource]: Factory method 'dataSource' threw exception; nested exception is org.springframework.boot.autoconfigure.jdbc.DataSourceProperties$DataSourceBeanCreationException: Failed to determine a suitable driver class
	at org.springframework.beans.factory.support.ConstructorResolver.instantiate(ConstructorResolver.java:658) ~[spring-beans-5.3.12.jar:5.3.12]
	at org.springframework.beans.factory.support.ConstructorResolver.instantiateUsingFactoryMethod(ConstructorResolver.java:638) ~[spring-beans-5.3.12.jar:5.3.12]
	at org.springframework.beans.factory.support.AbstractAutowireCapableBeanFactory.instantiateUsingFactoryMethod(AbstractAutowireCapableBeanFactory.java:1352) ~[spring-beans-5.3.12.jar:5.3.12]
	at org.springframework.beans.factory.support.AbstractAutowireCapableBeanFactory.createBeanInstance(AbstractAutowireCapableBeanFactory.java:1195) ~[spring-beans-5.3.12.jar:5.3.12]
	at org.springframework.beans.factory.support.AbstractAutowireCapableBeanFactory.doCreateBean(AbstractAutowireCapableBeanFactory.java:582) ~[spring-beans-5.3.12.jar:5.3.12]
	at org.springframework.beans.factory.support.AbstractAutowireCapableBeanFactory.createBean(AbstractAutowireCapableBeanFactory.java:542) ~[spring-beans-5.3.12.jar:5.3.12]
	at org.springframework.beans.factory.support.AbstractBeanFactory.lambda$doGetBean$0(AbstractBeanFactory.java:335) ~[spring-beans-5.3.12.jar:5.3.12]
	at org.springframework.beans.factory.support.DefaultSingletonBeanRegistry.getSingleton(DefaultSingletonBeanRegistry.java:234) ~[spring-beans-5.3.12.jar:5.3.12]
	at org.springframework.beans.factory.support.AbstractBeanFactory.doGetBean(AbstractBeanFactory.java:333) ~[spring-beans-5.3.12.jar:5.3.12]
	at org.springframework.beans.factory.support.AbstractBeanFactory.getBean(AbstractBeanFactory.java:208) ~[spring-beans-5.3.12.jar:5.3.12]
	at org.springframework.beans.factory.config.DependencyDescriptor.resolveCandidate(DependencyDescriptor.java:276) ~[spring-beans-5.3.12.jar:5.3.12]
	at org.springframework.beans.factory.support.DefaultListableBeanFactory.doResolveDependency(DefaultListableBeanFactory.java:1380) ~[spring-beans-5.3.12.jar:5.3.12]
	at org.springframework.beans.factory.support.DefaultListableBeanFactory.resolveDependency(DefaultListableBeanFactory.java:1300) ~[spring-beans-5.3.12.jar:5.3.12]
	at org.springframework.beans.factory.support.ConstructorResolver.resolveAutowiredArgument(ConstructorResolver.java:887) ~[spring-beans-5.3.12.jar:5.3.12]
	at org.springframework.beans.factory.support.ConstructorResolver.createArgumentArray(ConstructorResolver.java:791) ~[spring-beans-5.3.12.jar:5.3.12]
	... 87 common frames omitted
Caused by: org.springframework.beans.BeanInstantiationException: Failed to instantiate [com.zaxxer.hikari.HikariDataSource]: Factory method 'dataSource' threw exception; nested exception is org.springframework.boot.autoconfigure.jdbc.DataSourceProperties$DataSourceBeanCreationException: Failed to determine a suitable driver class
	at org.springframework.beans.factory.support.SimpleInstantiationStrategy.instantiate(SimpleInstantiationStrategy.java:185) ~[spring-beans-5.3.12.jar:5.3.12]
	at org.springframework.beans.factory.support.ConstructorResolver.instantiate(ConstructorResolver.java:653) ~[spring-beans-5.3.12.jar:5.3.12]
	... 101 common frames omitted
Caused by: org.springframework.boot.autoconfigure.jdbc.DataSourceProperties$DataSourceBeanCreationException: Failed to determine a suitable driver class
	at org.springframework.boot.autoconfigure.jdbc.DataSourceProperties.determineDriverClassName(DataSourceProperties.java:253) ~[spring-boot-autoconfigure-2.5.6.jar:2.5.6]
	at org.springframework.boot.autoconfigure.jdbc.DataSourceProperties.initializeDataSourceBuilder(DataSourceProperties.java:194) ~[spring-boot-autoconfigure-2.5.6.jar:2.5.6]
	at org.springframework.boot.autoconfigure.jdbc.DataSourceConfiguration.createDataSource(DataSourceConfiguration.java:48) ~[spring-boot-autoconfigure-2.5.6.jar:2.5.6]
	at org.springframework.boot.autoconfigure.jdbc.DataSourceConfiguration$Hikari.dataSource(DataSourceConfiguration.java:90) ~[spring-boot-autoconfigure-2.5.6.jar:2.5.6]
	at java.base/jdk.internal.reflect.NativeMethodAccessorImpl.invoke0(Native Method) ~[na:na]
	at java.base/jdk.internal.reflect.NativeMethodAccessorImpl.invoke(NativeMethodAccessorImpl.java:77) ~[na:na]
	at java.base/jdk.internal.reflect.DelegatingMethodAccessorImpl.invoke(DelegatingMethodAccessorImpl.java:43) ~[na:na]
	at java.base/java.lang.reflect.Method.invoke(Method.java:568) ~[na:na]
	at org.springframework.beans.factory.support.SimpleInstantiationStrategy.instantiate(SimpleInstantiationStrategy.java:154) ~[spring-beans-5.3.12.jar:5.3.12]
	... 102 common frames omitted

]]></system-out>
  </testcase>
</testsuite>